2025-02-06 02:28:07,510 - INFO - Running SAST scan...
2025-02-06 02:28:07,511 - INFO - Executing: semgrep --config config/semgrep_rules.yaml --json -o reports/sast_report.json
2025-02-06 02:34:05,994 - INFO - Running SAST scan...
2025-02-06 02:34:05,998 - INFO - Executing: semgrep --config config/semgrep_rules.yaml --json -o reports/sast_report.json
2025-02-06 02:37:10,571 - INFO - Running SAST scan...
2025-02-06 02:37:10,572 - INFO - Executing: bandit -r src -f json -o reports/bandit_report.json
2025-02-06 02:37:11,908 - ERROR - Bandit scan failed: Command '['bandit', '-r', 'src', '-f', 'json', '-o', 'reports/bandit_report.json']' returned non-zero exit status 1.
2025-02-06 02:49:25,113 - INFO - Running SCA scan...
2025-02-06 02:49:25,113 - INFO - Executing: dependency-check --scan requirements.txt --format JSON --out reports/sca_report.json
2025-02-06 02:52:15,839 - INFO - Running SCA scan...
2025-02-06 02:52:15,840 - INFO - Executing: C:/Users/kaytn/dependency-check/bin --scan requirements.txt --format JSON --out reports/sca_report.json
2025-02-06 02:52:15,874 - ERROR - SCA scan failed: Command '['C:/Users/kaytn/dependency-check/bin', '--scan', 'requirements.txt', '--format', 'JSON', '--out', 'reports/sca_report.json']' returned non-zero exit status 1.
2025-02-06 02:52:45,937 - INFO - Running SCA scan...
2025-02-06 02:52:45,938 - INFO - Executing: C:/Users/kaytn/dependency-check/bin/dependency-check.bat --scan requirements.txt --format JSON --out reports/sca_report.json
2025-02-06 09:49:08,495 - INFO - SCA scan completed. Results saved to reports/sca_report.json
2025-02-06 10:15:15,290 - INFO - Running SCA scan...
2025-02-06 10:15:15,291 - INFO - Executing: C:/Users/kaytn/dependency-check/bin/dependency-check.bat --scan requirements.txt --format JSON --out reports/sca_report.json --nvdApiKey 842bfda1-92e0-467a-80e5-4086460bf7c4
2025-02-06 10:15:21,035 - INFO - SCA scan completed. Results saved to reports/sca_report.json
2025-02-06 10:17:45,976 - INFO - Running Threat Modeling...
2025-02-06 10:17:45,976 - INFO - Generating Threat Model...
2025-02-06 10:28:38,748 - INFO - Running Threat Modeling...
2025-02-06 10:28:38,748 - INFO - Generating Threat Model...
2025-02-06 10:31:49,551 - INFO - Running Threat Modeling...
2025-02-06 10:31:49,551 - INFO - Generating Threat Model...
2025-02-06 10:35:13,045 - INFO - Running Threat Modeling...
2025-02-06 10:35:15,340 - INFO - Running Threat Modeling...
2025-02-06 10:35:18,825 - INFO - Running Threat Modeling...
2025-02-06 10:35:26,124 - INFO - Running Threat Modeling...
2025-02-06 10:37:01,925 - INFO - \U0001f527 Secure SDLC Automation Tool Started!
2025-02-06 10:37:01,927 - INFO - \U0001f6e0 Arguments Received: Namespace(sast=False, sca=False, threat_model=True)
2025-02-06 10:37:01,927 - INFO - \U0001f680 Running Threat Modeling...
2025-02-06 10:37:01,927 - INFO - \U0001f680 Running Threat Modeling...
2025-02-06 10:37:01,927 - INFO - \U0001f50d Starting Threat Model Generation...
2025-02-06 10:37:01,927 - INFO - \U0001f4cc Creating Threat Model Components...
2025-02-06 10:37:01,930 - INFO - \u2705 Threat Model Components Created!
2025-02-06 10:55:45,896 - INFO - \U0001f527 Secure SDLC Automation Tool Started!
2025-02-06 10:55:45,898 - INFO - \U0001f6e0 Arguments Received: Namespace(sast=False, sca=False, threat_model=True)
2025-02-06 10:55:45,898 - INFO - \U0001f680 Running Threat Modeling...
2025-02-06 10:58:21,649 - INFO - \U0001f527 Secure SDLC Automation Tool Started!
2025-02-06 10:58:21,651 - INFO - \U0001f6e0 Arguments Received: Namespace(sast=False, sca=False, threat_model=True)
2025-02-06 10:58:21,651 - INFO - \U0001f680 Running Threat Modeling...
2025-02-06 10:59:15,102 - INFO - \U0001f527 Secure SDLC Automation Tool Started!
2025-02-06 10:59:15,104 - INFO - \U0001f6e0 Arguments Received: Namespace(sast=False, sca=False, threat_model=True)
2025-02-06 10:59:15,104 - INFO - \U0001f680 Running Threat Modeling...
2025-02-06 10:59:15,104 - INFO - \U0001f680 Running Threat Modeling...
2025-02-06 10:59:15,104 - INFO - \U0001f50d Starting Threat Model Generation...
2025-02-06 10:59:15,104 - INFO - \U0001f4cc Creating Threat Model Components...
2025-02-06 10:59:15,107 - INFO - \u2705 Threat Model Components Created!
2025-02-06 11:02:29,875 - INFO - \U0001f527 Secure SDLC Automation Tool Started!
2025-02-06 11:02:29,876 - INFO - \U0001f6e0 Arguments Received: Namespace(sast=False, sca=False, threat_model=True)
2025-02-06 11:02:29,876 - INFO - \U0001f680 Running Threat Modeling...
2025-02-06 11:02:29,876 - INFO - \U0001f680 Running Threat Modeling...
2025-02-06 11:02:29,876 - WARNING - \u274c Threat Model execution halted due to argparse conflict.
2025-02-06 11:02:29,877 - INFO - \U0001f3c1 Threat Modeling Execution Finished.
2025-02-06 11:02:29,877 - INFO - \u2705 Secure SDLC Automation Tool Finished!
2025-02-06 11:02:35,984 - INFO - \U0001f527 Secure SDLC Automation Tool Started!
2025-02-06 11:02:35,986 - INFO - \U0001f6e0 Arguments Received: Namespace(sast=False, sca=False, threat_model=True)
2025-02-06 11:02:35,986 - INFO - \U0001f680 Running Threat Modeling...
2025-02-06 11:02:35,986 - INFO - \U0001f680 Running Threat Modeling...
2025-02-06 11:02:35,986 - WARNING - \u274c Threat Model execution halted due to argparse conflict.
2025-02-06 11:02:35,987 - INFO - \U0001f3c1 Threat Modeling Execution Finished.
2025-02-06 11:02:35,987 - INFO - \u2705 Secure SDLC Automation Tool Finished!
2025-02-06 11:02:49,790 - INFO - \U0001f527 Secure SDLC Automation Tool Started!
2025-02-06 11:02:49,792 - INFO - \U0001f6e0 Arguments Received: Namespace(sast=False, sca=False, threat_model=True)
2025-02-06 11:02:49,792 - INFO - \U0001f680 Running Threat Modeling...
2025-02-06 11:02:49,792 - INFO - \U0001f680 Running Threat Modeling...
2025-02-06 11:02:49,792 - WARNING - \u274c Threat Model execution halted due to argparse conflict.
2025-02-06 11:02:49,792 - INFO - \U0001f3c1 Threat Modeling Execution Finished.
2025-02-06 11:02:49,792 - INFO - \u2705 Secure SDLC Automation Tool Finished!
2025-02-06 11:05:15,732 - INFO - \U0001f527 Secure SDLC Automation Tool Started!
2025-02-06 11:05:15,734 - INFO - \U0001f6e0 Arguments Received: Namespace(sast=False, sca=False, threat_model=True)
2025-02-06 11:05:15,734 - INFO - \U0001f680 Running Threat Modeling...
2025-02-06 11:05:15,734 - INFO - \U0001f680 Running Threat Modeling...
2025-02-06 11:05:15,734 - INFO - \U0001f50d Starting Threat Model Generation...
2025-02-06 11:05:15,734 - INFO - \U0001f4cc Creating Threat Model Components...
2025-02-06 11:05:15,737 - INFO - \u2705 Threat Model Components Created!
2025-02-06 11:05:15,740 - INFO - \u2705 Threat Model Processing Completed!
2025-02-06 11:05:15,751 - ERROR - \u274c Error saving Threat Model report: TM.report() missing 1 required positional argument: 'template_path'
2025-02-06 11:05:15,751 - INFO - \U0001f3c1 Threat Modeling Execution Finished.
2025-02-06 11:05:15,751 - INFO - \u2705 Secure SDLC Automation Tool Finished!
2025-02-06 11:07:30,395 - INFO - \U0001f527 Secure SDLC Automation Tool Started!
2025-02-06 11:07:30,396 - INFO - \U0001f6e0 Arguments Received: Namespace(sast=False, sca=False, threat_model=True)
2025-02-06 11:07:30,396 - INFO - \U0001f680 Running Threat Modeling...
2025-02-06 11:07:30,396 - INFO - \U0001f680 Running Threat Modeling...
2025-02-06 11:07:30,396 - INFO - \U0001f50d Starting Threat Model Generation...
2025-02-06 11:07:30,396 - INFO - \U0001f4cc Creating Threat Model Components...
2025-02-06 11:07:30,399 - INFO - \u2705 Threat Model Components Created!
2025-02-06 11:07:30,402 - INFO - \u2705 Threat Model Processing Completed!
2025-02-06 11:07:30,403 - ERROR - \u274c Error saving Threat Model report: TM.report() missing 1 required positional argument: 'template_path'
2025-02-06 11:07:30,403 - INFO - \U0001f3c1 Threat Modeling Execution Finished.
2025-02-06 11:07:30,403 - INFO - \u2705 Secure SDLC Automation Tool Finished!
2025-02-06 11:13:50,838 - INFO - \U0001f527 Secure SDLC Automation Tool Started!
2025-02-06 11:13:50,839 - INFO - \U0001f6e0 Arguments Received: Namespace(sast=False, sca=False, threat_model=True)
2025-02-06 11:13:50,839 - INFO - \U0001f680 Running Threat Modeling...
2025-02-06 11:13:50,839 - INFO - \U0001f680 Running Threat Modeling...
2025-02-06 11:13:50,839 - INFO - \U0001f50d Starting Threat Model Generation...
2025-02-06 11:13:50,840 - INFO - \U0001f4cc Creating Threat Model Components...
2025-02-06 11:13:50,842 - INFO - \u2705 Threat Model Components Created!
2025-02-06 11:13:50,846 - INFO - \u2705 Threat Model Processing Completed!
2025-02-06 11:13:50,860 - ERROR - \u274c Error saving Threat Model report: '% for e in tm'
2025-02-06 11:13:50,860 - INFO - \U0001f3c1 Threat Modeling Execution Finished.
2025-02-06 11:13:50,861 - INFO - \u2705 Secure SDLC Automation Tool Finished!
2025-02-06 11:15:50,947 - INFO - \U0001f527 Secure SDLC Automation Tool Started!
2025-02-06 11:15:50,949 - INFO - \U0001f6e0 Arguments Received: Namespace(sast=False, sca=False, threat_model=True)
2025-02-06 11:15:50,949 - INFO - \U0001f680 Running Threat Modeling...
2025-02-06 11:15:50,949 - INFO - \U0001f680 Running Threat Modeling...
2025-02-06 11:15:50,949 - INFO - \U0001f50d Starting Threat Model Generation...
2025-02-06 11:15:50,949 - INFO - \U0001f4cc Creating Threat Model Components...
2025-02-06 11:15:50,952 - INFO - \u2705 Threat Model Components Created!
2025-02-06 11:15:50,955 - INFO - \u2705 Threat Model Processing Completed!
2025-02-06 11:15:50,956 - ERROR - \u274c Error saving Threat Model report: 'TM' object has no attribute 'to_str'
2025-02-06 11:15:50,956 - INFO - \U0001f3c1 Threat Modeling Execution Finished.
2025-02-06 11:15:50,956 - INFO - \u2705 Secure SDLC Automation Tool Finished!
2025-02-06 11:17:29,752 - INFO - \U0001f527 Secure SDLC Automation Tool Started!
2025-02-06 11:17:29,754 - INFO - \U0001f6e0 Arguments Received: Namespace(sast=False, sca=False, threat_model=True)
2025-02-06 11:17:29,754 - INFO - \U0001f680 Running Threat Modeling...
2025-02-06 11:17:29,754 - INFO - \U0001f680 Running Threat Modeling...
2025-02-06 11:17:29,754 - INFO - \U0001f50d Starting Threat Model Generation...
2025-02-06 11:17:29,754 - INFO - \U0001f4cc Creating Threat Model Components...
2025-02-06 11:17:29,757 - INFO - \u2705 Threat Model Components Created!
2025-02-06 11:17:29,761 - INFO - \u2705 Threat Model Processing Completed!
2025-02-06 11:17:29,761 - ERROR - \u274c Error saving Threat Model report: (FileNotFoundError(2, 'No such file or directory'), 'while trying to open the report template file (text).')
2025-02-06 11:17:29,761 - INFO - \U0001f3c1 Threat Modeling Execution Finished.
2025-02-06 11:17:29,761 - INFO - \u2705 Secure SDLC Automation Tool Finished!
2025-02-06 11:19:56,815 - INFO - \U0001f527 Secure SDLC Automation Tool Started!
2025-02-06 11:19:56,816 - INFO - \U0001f6e0 Arguments Received: Namespace(sast=False, sca=False, threat_model=True)
2025-02-06 11:19:56,816 - INFO - \U0001f680 Running Threat Modeling...
2025-02-06 11:19:56,816 - INFO - \U0001f680 Running Threat Modeling...
2025-02-06 11:19:56,816 - INFO - \U0001f50d Starting Threat Model Generation...
2025-02-06 11:19:56,817 - INFO - \U0001f4cc Creating Threat Model Components...
2025-02-06 11:19:56,820 - INFO - \u2705 Threat Model Components Created!
2025-02-06 11:19:56,824 - INFO - \u2705 Threat Model Processing Completed!
2025-02-06 11:19:56,829 - ERROR - \u274c Error saving Threat Model report: '% for e in tm'
2025-02-06 11:19:56,829 - INFO - \U0001f3c1 Threat Modeling Execution Finished.
2025-02-06 11:19:56,829 - INFO - \u2705 Secure SDLC Automation Tool Finished!
2025-02-06 11:23:22,343 - INFO - \U0001f527 Secure SDLC Automation Tool Started!
2025-02-06 11:23:22,345 - INFO - \U0001f6e0 Arguments Received: Namespace(sast=False, sca=False, threat_model=True)
2025-02-06 11:23:22,345 - INFO - \U0001f680 Running Threat Modeling...
2025-02-06 11:23:22,345 - INFO - \U0001f680 Running Threat Modeling...
2025-02-06 11:23:22,345 - INFO - \U0001f50d Starting Threat Model Generation...
2025-02-06 11:23:22,345 - INFO - \U0001f4cc Creating Threat Model Components...
2025-02-06 11:23:22,348 - INFO - \u2705 Threat Model Components Created!
2025-02-06 11:23:22,352 - INFO - \u2705 Threat Model Processing Completed!
2025-02-06 11:23:22,352 - ERROR - \u274c Error saving Threat Model report: 'TM' object has no attribute 'to_dict'
2025-02-06 11:23:22,352 - INFO - \U0001f3c1 Threat Modeling Execution Finished.
2025-02-06 11:23:22,352 - INFO - \u2705 Secure SDLC Automation Tool Finished!
2025-02-06 11:25:24,587 - INFO - \U0001f527 Secure SDLC Automation Tool Started!
2025-02-06 11:25:24,588 - INFO - \U0001f6e0 Arguments Received: Namespace(sast=False, sca=False, threat_model=True)
2025-02-06 11:25:24,588 - INFO - \U0001f680 Running Threat Modeling...
2025-02-06 11:25:24,588 - INFO - \U0001f680 Running Threat Modeling...
2025-02-06 11:25:24,588 - INFO - \U0001f50d Starting Threat Model Generation...
2025-02-06 11:25:24,588 - INFO - \U0001f4cc Creating Threat Model Components...
2025-02-06 11:25:24,591 - INFO - \u2705 Threat Model Components Created!
2025-02-06 11:25:24,595 - INFO - \u2705 Threat Model Processing Completed!
2025-02-06 11:25:24,595 - ERROR - \u274c Error saving Threat Model report: (FileNotFoundError(2, 'No such file or directory'), 'while trying to open the report template file (json).')
2025-02-06 11:25:24,595 - INFO - \U0001f3c1 Threat Modeling Execution Finished.
2025-02-06 11:25:24,595 - INFO - \u2705 Secure SDLC Automation Tool Finished!
2025-02-06 11:37:32,512 - INFO - \U0001f527 Secure SDLC Automation Tool Started!
2025-02-06 11:37:32,514 - INFO - \U0001f6e0 Arguments Received: Namespace(sast=False, sca=False, threat_model=True)
2025-02-06 11:37:32,514 - INFO - \U0001f680 Running Threat Modeling...
2025-02-06 11:37:32,514 - INFO - \U0001f680 Running Threat Modeling...
2025-02-06 11:37:32,514 - INFO - \U0001f50d Starting Threat Model Generation...
2025-02-06 11:37:32,514 - INFO - \U0001f4cc Creating Threat Model Components...
2025-02-06 11:37:32,517 - INFO - \u2705 Threat Model Components Created!
2025-02-06 11:37:32,520 - INFO - \u2705 Threat Model Processing Completed!
2025-02-06 11:37:32,521 - ERROR - \u274c Error saving Threat Model report: (FileNotFoundError(2, 'No such file or directory'), 'while trying to open the report template file (text).')
2025-02-06 11:37:32,521 - INFO - \U0001f3c1 Threat Modeling Execution Finished.
2025-02-06 11:37:32,521 - INFO - \u2705 Secure SDLC Automation Tool Finished!
2025-02-06 11:42:27,076 - INFO - \U0001f527 Secure SDLC Automation Tool Started!
2025-02-06 11:42:27,078 - INFO - \U0001f6e0 Arguments Received: Namespace(sast=False, sca=False, threat_model=True)
2025-02-06 11:42:27,078 - INFO - \U0001f680 Running Threat Modeling...
2025-02-06 11:42:27,078 - INFO - \U0001f680 Running Threat Modeling...
2025-02-06 11:42:27,078 - INFO - \U0001f50d Starting Threat Model Generation...
2025-02-06 11:42:27,078 - INFO - \U0001f4cc Creating Threat Model Components...
2025-02-06 11:42:27,080 - INFO - \u2705 Threat Model Components Created!
2025-02-06 11:42:27,084 - INFO - \u2705 Threat Model Processing Completed!
2025-02-06 11:42:27,084 - ERROR - \u274c Error saving Threat Model report: TM.report() missing 1 required positional argument: 'template_path'
2025-02-06 11:42:27,084 - INFO - \U0001f3c1 Threat Modeling Execution Finished.
2025-02-06 11:42:27,084 - INFO - \u2705 Secure SDLC Automation Tool Finished!
2025-02-06 14:06:49,580 - INFO - \U0001f527 Secure SDLC Automation Tool Started!
2025-02-06 14:06:49,582 - INFO - \U0001f6e0 Arguments Received: Namespace(sast=False, sca=False, threat_model=True)
2025-02-06 14:06:49,582 - INFO - \U0001f680 Running Threat Modeling...
2025-02-06 14:06:49,582 - INFO - \U0001f680 Running Threat Modeling...
2025-02-06 14:06:49,582 - INFO - \U0001f50d Starting Threat Model Generation...
2025-02-06 14:06:49,582 - INFO - \U0001f4cc Creating Threat Model Components...
2025-02-06 14:06:49,600 - INFO - \u2705 Threat Model Components Created!
2025-02-06 14:06:49,603 - INFO - \u2705 Threat Model Processing Completed!
2025-02-06 14:06:49,616 - ERROR - \u274c Error saving Threat Model report: '% for e in tm'
2025-02-06 14:06:49,616 - INFO - \U0001f3c1 Threat Modeling Execution Finished.
2025-02-06 14:06:49,616 - INFO - \u2705 Secure SDLC Automation Tool Finished!
2025-02-06 14:17:15,056 - INFO - \U0001f527 Secure SDLC Automation Tool Started!
2025-02-06 14:17:15,058 - INFO - \U0001f6e0 Arguments Received: Namespace(sast=False, sca=False, threat_model=True)
2025-02-06 14:17:15,058 - INFO - \U0001f680 Running Threat Modeling...
2025-02-06 14:17:15,058 - INFO - \U0001f680 Running Threat Modeling...
2025-02-06 14:17:15,058 - INFO - \U0001f50d Starting Threat Model Generation...
2025-02-06 14:17:15,058 - INFO - \U0001f4cc Creating Threat Model Components...
2025-02-06 14:17:15,062 - INFO - \u2705 Threat Model Components Created!
2025-02-06 14:17:15,066 - INFO - \u2705 Threat Model Processing Completed!
2025-02-06 14:17:15,066 - ERROR - \u274c Error saving Threat Model report: (FileNotFoundError(2, 'No such file or directory'), 'while trying to open the report template file (text).')
2025-02-06 14:17:15,066 - INFO - \U0001f3c1 Threat Modeling Execution Finished.
2025-02-06 14:17:15,066 - INFO - \u2705 Secure SDLC Automation Tool Finished!
2025-02-06 14:18:28,684 - INFO - \U0001f527 Secure SDLC Automation Tool Started!
2025-02-06 14:18:28,686 - INFO - \U0001f6e0 Arguments Received: Namespace(sast=False, sca=False, threat_model=True)
2025-02-06 14:18:28,686 - INFO - \U0001f680 Running Threat Modeling...
2025-02-06 14:18:28,686 - INFO - \U0001f680 Running Threat Modeling...
2025-02-06 14:18:28,686 - INFO - \U0001f50d Starting Threat Model Generation...
2025-02-06 14:18:28,686 - INFO - \U0001f4cc Creating Threat Model Components...
2025-02-06 14:18:28,689 - INFO - \u2705 Threat Model Components Created!
2025-02-06 14:18:28,693 - INFO - \u2705 Threat Model Processing Completed!
2025-02-06 14:18:28,693 - ERROR - \u274c Error saving Threat Model report: (FileNotFoundError(2, 'No such file or directory'), 'while trying to open the report template file (text).')
2025-02-06 14:18:28,693 - INFO - \U0001f3c1 Threat Modeling Execution Finished.
2025-02-06 14:18:28,693 - INFO - \u2705 Secure SDLC Automation Tool Finished!
2025-02-06 14:21:04,347 - INFO - \U0001f527 Secure SDLC Automation Tool Started!
2025-02-06 14:21:04,349 - INFO - \U0001f6e0 Arguments Received: Namespace(sast=False, sca=False, threat_model=True)
2025-02-06 14:21:04,349 - INFO - \U0001f680 Running Threat Modeling...
2025-02-06 14:21:04,349 - INFO - \U0001f680 Running Threat Modeling...
2025-02-06 14:21:04,349 - INFO - \U0001f50d Starting Threat Model Generation...
2025-02-06 14:21:04,350 - INFO - \U0001f4cc Creating Threat Model Components...
2025-02-06 14:21:04,352 - INFO - \u2705 Threat Model Components Created!
2025-02-06 14:21:04,357 - INFO - \u2705 Threat Model Processing Completed!
2025-02-06 14:21:04,357 - ERROR - \u274c Error saving Threat Model report: TM.report() missing 1 required positional argument: 'template_path'
2025-02-06 14:21:04,357 - INFO - \U0001f3c1 Threat Modeling Execution Finished.
2025-02-06 14:21:04,357 - INFO - \u2705 Secure SDLC Automation Tool Finished!
2025-02-06 14:27:30,020 - INFO - \U0001f527 Secure SDLC Automation Tool Started!
2025-02-06 14:27:30,022 - INFO - \U0001f6e0 Arguments Received: Namespace(sast=False, sca=False, threat_model=True)
2025-02-06 14:27:30,022 - INFO - \U0001f680 Running Threat Modeling...
2025-02-06 14:27:30,022 - INFO - \U0001f680 Running Threat Modeling...
2025-02-06 14:27:30,022 - INFO - \U0001f50d Starting Threat Model Generation...
2025-02-06 14:27:30,022 - INFO - \U0001f4cc Creating Threat Model Components...
2025-02-06 14:27:30,026 - INFO - \u2705 Threat Model Components Created!
2025-02-06 14:27:30,029 - INFO - \u2705 Threat Model Processing Completed!
2025-02-06 14:27:30,029 - ERROR - \u274c Error saving Threat Model report: TM.report() takes 2 positional arguments but 3 were given
2025-02-06 14:27:30,029 - INFO - \U0001f3c1 Threat Modeling Execution Finished.
2025-02-06 14:27:30,029 - INFO - \u2705 Secure SDLC Automation Tool Finished!
2025-02-06 14:33:26,582 - INFO - \U0001f527 Secure SDLC Automation Tool Started!
2025-02-06 14:33:26,584 - INFO - \U0001f6e0 Arguments Received: Namespace(sast=False, sca=False, threat_model=True)
2025-02-06 14:33:26,584 - INFO - \U0001f680 Running Threat Modeling...
2025-02-06 14:33:26,584 - INFO - \U0001f680 Running Threat Modeling...
2025-02-06 14:33:26,584 - INFO - \U0001f50d Starting Threat Model Generation...
2025-02-06 14:33:26,584 - INFO - \U0001f4cc Creating Threat Model Components...
2025-02-06 14:33:26,587 - INFO - \u2705 Threat Model Components Created!
2025-02-06 14:33:26,591 - INFO - \u2705 Threat Model Processing Completed!
2025-02-06 14:33:26,591 - ERROR - \u274c Error saving Threat Model report: TM.report() takes 2 positional arguments but 3 were given
2025-02-06 14:33:26,591 - INFO - \U0001f3c1 Threat Modeling Execution Finished.
2025-02-06 14:33:26,591 - INFO - \u2705 Secure SDLC Automation Tool Finished!
2025-02-06 14:35:49,128 - INFO - \U0001f527 Secure SDLC Automation Tool Started!
2025-02-06 14:35:49,130 - INFO - \U0001f6e0 Arguments Received: Namespace(sast=False, sca=False, threat_model=True)
2025-02-06 14:35:49,130 - INFO - \U0001f680 Running Threat Modeling...
2025-02-06 14:35:49,130 - INFO - \U0001f680 Running Threat Modeling...
2025-02-06 14:35:49,130 - INFO - \U0001f50d Starting Threat Model Generation...
2025-02-06 14:35:49,130 - INFO - \U0001f4cc Creating Threat Model Components...
2025-02-06 14:35:49,133 - INFO - \u2705 Threat Model Components Created!
2025-02-06 14:35:49,137 - INFO - \u2705 Threat Model Processing Completed!
2025-02-06 14:35:49,137 - ERROR - \u274c Error saving Threat Model report: (FileNotFoundError(2, 'No such file or directory'), 'while trying to open the report template file (text).')
2025-02-06 14:35:49,137 - INFO - \U0001f3c1 Threat Modeling Execution Finished.
2025-02-06 14:35:49,137 - INFO - \u2705 Secure SDLC Automation Tool Finished!
2025-02-06 14:41:43,572 - INFO - \U0001f527 Secure SDLC Automation Tool Started!
2025-02-06 14:41:43,574 - INFO - \U0001f6e0 Arguments Received: Namespace(sast=False, sca=False, threat_model=True)
2025-02-06 14:41:43,574 - INFO - \U0001f680 Running Threat Modeling...
2025-02-06 14:41:43,574 - INFO - \U0001f680 Running Threat Modeling...
2025-02-06 14:41:43,574 - INFO - \U0001f50d Starting Threat Model Generation...
2025-02-06 14:41:43,575 - INFO - \U0001f4cc Creating Threat Model Components...
2025-02-06 14:41:43,578 - INFO - \u2705 Threat Model Components Created!
2025-02-06 14:41:43,582 - INFO - \u2705 Threat Model Processing Completed!
2025-02-06 14:41:43,588 - ERROR - \u274c Error saving Threat Model report: '% for e in tm'
2025-02-06 14:41:43,588 - INFO - \U0001f3c1 Threat Modeling Execution Finished.
2025-02-06 14:41:43,588 - INFO - \u2705 Secure SDLC Automation Tool Finished!
2025-02-06 14:51:26,290 - INFO - \U0001f527 Secure SDLC Automation Tool Started!
2025-02-06 14:51:26,291 - INFO - \U0001f6e0 Arguments Received: Namespace(sast=False, sca=False, threat_model=True)
2025-02-06 14:51:26,291 - INFO - \U0001f680 Running Threat Modeling...
2025-02-06 14:51:26,291 - INFO - \U0001f680 Running Threat Modeling...
2025-02-06 14:51:26,291 - INFO - \U0001f50d Starting Threat Model Generation...
2025-02-06 14:51:26,291 - INFO - \U0001f4cc Creating Threat Model Components...
2025-02-06 14:51:26,294 - INFO - \u2705 Threat Model Components Created!
2025-02-06 14:51:26,298 - INFO - \u2705 Threat Model Processing Completed!
2025-02-06 14:51:26,302 - ERROR - \u274c Error saving Threat Model report: '% for e in tm'
2025-02-06 14:51:26,303 - INFO - \U0001f3c1 Threat Modeling Execution Finished.
2025-02-06 14:51:26,303 - INFO - \u2705 Secure SDLC Automation Tool Finished!
2025-02-06 14:54:14,967 - INFO - \U0001f527 Secure SDLC Automation Tool Started!
2025-02-06 14:54:14,969 - INFO - \U0001f6e0 Arguments Received: Namespace(sast=False, sca=False, threat_model=True)
2025-02-06 14:54:14,969 - INFO - \U0001f680 Running Threat Modeling...
2025-02-06 14:54:14,969 - INFO - \U0001f680 Running Threat Modeling...
2025-02-06 14:54:14,969 - INFO - \U0001f50d Starting Threat Model Generation...
2025-02-06 14:54:14,969 - INFO - \U0001f4cc Creating Threat Model Components...
2025-02-06 14:54:14,971 - INFO - \u2705 Threat Model Components Created!
2025-02-06 14:54:14,976 - INFO - \u2705 Threat Model Processing Completed!
2025-02-06 14:54:14,976 - ERROR - \u274c Error saving Threat Model report: (FileNotFoundError(2, 'No such file or directory'), 'while trying to open the report template file (text).')
2025-02-06 14:54:14,976 - INFO - \U0001f3c1 Threat Modeling Execution Finished.
2025-02-06 14:54:14,976 - INFO - \u2705 Secure SDLC Automation Tool Finished!
2025-02-06 14:56:32,587 - INFO - \U0001f527 Secure SDLC Automation Tool Started!
2025-02-06 14:56:32,588 - INFO - \U0001f6e0 Arguments Received: Namespace(sast=False, sca=False, threat_model=True)
2025-02-06 14:56:32,588 - INFO - \U0001f680 Running Threat Modeling...
2025-02-06 14:56:32,589 - INFO - \U0001f680 Running Threat Modeling...
2025-02-06 14:56:32,589 - INFO - \U0001f50d Starting Threat Model Generation...
2025-02-06 14:56:32,589 - INFO - \U0001f4cc Creating Threat Model Components...
2025-02-06 14:56:32,592 - INFO - \u2705 Threat Model Components Created!
2025-02-06 14:56:32,596 - INFO - \u2705 Threat Model Processing Completed!
2025-02-06 14:56:32,763 - INFO - \u2705 Threat Modeling completed. Report saved to reports/threat_model_report.txt
2025-02-06 14:56:32,763 - INFO - \U0001f3c1 Threat Modeling Execution Finished.
2025-02-06 14:56:32,764 - INFO - \u2705 Secure SDLC Automation Tool Finished!
2025-02-06 14:59:56,220 - INFO - \U0001f527 Secure SDLC Automation Tool Started!
2025-02-06 14:59:56,221 - INFO - \U0001f6e0 Arguments Received: Namespace(sast=False, sca=False, threat_model=True)
2025-02-06 14:59:56,222 - INFO - \U0001f680 Running Threat Modeling...
2025-02-06 14:59:56,222 - INFO - \U0001f680 Running Threat Modeling...
2025-02-06 14:59:56,222 - INFO - \U0001f50d Starting Threat Model Generation...
2025-02-06 14:59:56,222 - INFO - \U0001f4cc Creating Threat Model Components...
2025-02-06 14:59:56,225 - INFO - \u2705 Threat Model Components Created!
2025-02-06 14:59:56,229 - INFO - \u2705 Threat Model Processing Completed!
2025-02-06 14:59:56,393 - ERROR - \u26a0\ufe0f Warning: Potential issues in threat modeling: <frozen runpy>:128: RuntimeWarning: 'pytm.pytm' found in sys.modules after import of package 'pytm', but prior to execution of 'pytm.pytm'; this may result in unpredictable behaviour

2025-02-06 14:59:56,394 - ERROR - \u274c Error: Threat Model report is empty! Check pytm output.
2025-02-06 14:59:56,394 - INFO - \u2705 Threat Modeling completed. Report saved to reports/threat_model_report.txt
2025-02-06 14:59:56,394 - INFO - \U0001f3c1 Threat Modeling Execution Finished.
2025-02-06 14:59:56,394 - INFO - \u2705 Secure SDLC Automation Tool Finished!
2025-02-06 15:04:25,030 - INFO - \U0001f527 Secure SDLC Automation Tool Started!
2025-02-06 15:04:25,032 - INFO - \U0001f6e0 Arguments Received: Namespace(sast=False, sca=False, threat_model=True)
2025-02-06 15:04:25,032 - INFO - \U0001f680 Running Threat Modeling...
2025-02-06 15:04:25,032 - INFO - \U0001f680 Running Threat Modeling...
2025-02-06 15:04:25,032 - INFO - \U0001f50d Starting Threat Model Generation...
2025-02-06 15:04:25,032 - INFO - \U0001f4cc Creating Threat Model Components...
2025-02-06 15:04:25,035 - INFO - \u2705 Threat Model Components Created!
2025-02-06 15:04:25,039 - INFO - \u2705 Threat Model Processing Completed!
2025-02-06 15:04:25,201 - ERROR - \u26a0\ufe0f Warning: Potential issues in threat modeling: <frozen runpy>:128: RuntimeWarning: 'pytm.pytm' found in sys.modules after import of package 'pytm', but prior to execution of 'pytm.pytm'; this may result in unpredictable behaviour

2025-02-06 15:04:25,201 - ERROR - \u274c Error: Threat Model report is empty! Check pytm output.
2025-02-06 15:04:25,201 - INFO - \U0001f3c1 Threat Modeling Execution Finished.
2025-02-06 15:04:25,202 - INFO - \u2705 Secure SDLC Automation Tool Finished!
2025-02-06 15:04:35,821 - INFO - \U0001f527 Secure SDLC Automation Tool Started!
2025-02-06 15:04:35,823 - INFO - \U0001f6e0 Arguments Received: Namespace(sast=False, sca=False, threat_model=True)
2025-02-06 15:04:35,823 - INFO - \U0001f680 Running Threat Modeling...
2025-02-06 15:04:35,823 - INFO - \U0001f680 Running Threat Modeling...
2025-02-06 15:04:35,824 - INFO - \U0001f50d Starting Threat Model Generation...
2025-02-06 15:04:35,824 - INFO - \U0001f4cc Creating Threat Model Components...
2025-02-06 15:04:35,827 - INFO - \u2705 Threat Model Components Created!
2025-02-06 15:04:35,832 - INFO - \u2705 Threat Model Processing Completed!
2025-02-06 15:04:35,994 - ERROR - \u26a0\ufe0f Warning: Potential issues in threat modeling: <frozen runpy>:128: RuntimeWarning: 'pytm.pytm' found in sys.modules after import of package 'pytm', but prior to execution of 'pytm.pytm'; this may result in unpredictable behaviour

2025-02-06 15:04:35,995 - ERROR - \u274c Error: Threat Model report is empty! Check pytm output.
2025-02-06 15:04:35,995 - INFO - \U0001f3c1 Threat Modeling Execution Finished.
2025-02-06 15:04:35,995 - INFO - \u2705 Secure SDLC Automation Tool Finished!
2025-02-06 15:06:39,412 - INFO - \U0001f527 Secure SDLC Automation Tool Started!
2025-02-06 15:06:39,414 - INFO - \U0001f6e0 Arguments Received: Namespace(sast=False, sca=False, threat_model=True)
2025-02-06 15:06:39,414 - INFO - \U0001f680 Running Threat Modeling...
2025-02-06 15:06:39,414 - INFO - \U0001f680 Running Threat Modeling...
2025-02-06 15:06:39,414 - INFO - \U0001f50d Starting Threat Model Generation...
2025-02-06 15:06:39,414 - INFO - \U0001f4cc Creating Threat Model Components...
2025-02-06 15:06:39,417 - INFO - \u2705 Threat Model Components Created!
2025-02-06 15:06:39,420 - INFO - \u2705 Threat Model Processing Completed!
2025-02-06 15:06:39,597 - INFO - \u2705 Threat Modeling Output:
<frozen runpy>:128: RuntimeWarning: 'pytm.pytm' found in sys.modules after import of package 'pytm', but prior to execution of 'pytm.pytm'; this may result in unpredictable behaviour

2025-02-06 15:06:39,599 - INFO - \u2705 Threat Modeling completed. Report saved to reports/threat_model_report.txt
2025-02-06 15:06:39,599 - INFO - \U0001f3c1 Threat Modeling Execution Finished.
2025-02-06 15:06:39,599 - INFO - \u2705 Secure SDLC Automation Tool Finished!
2025-02-06 15:30:06,480 - INFO - \U0001f527 Secure SDLC Automation Tool Started!
2025-02-06 15:30:06,503 - INFO - \U0001f6e0 Arguments Received: Namespace(sast=False, sca=False, threat_model=True)
2025-02-06 15:30:06,503 - INFO - \U0001f680 Running Threat Modeling...
2025-02-06 15:30:06,503 - INFO - \U0001f680 Running Threat Modeling...
2025-02-06 15:30:06,503 - INFO - \U0001f50d Starting Threat Model Generation...
2025-02-06 15:30:06,503 - INFO - \U0001f4cc Running Threat Model Analysis via Separate Process...
2025-02-06 15:30:06,993 - INFO - \u2705 Threat Modeling Output:
Traceback (most recent call last):
  File "C:\Users\kaytn\secure_sdlc_automation\src\threat_modeling\run_pytm.py", line 26, in run_pytm
    print(f"\u2705 Threat Model Report Saved: {report_file}")
  File "C:\Users\kaytn\AppData\Local\Programs\Python\Python312\Lib\encodings\cp1252.py", line 19, in encode
    return codecs.charmap_encode(input,self.errors,encoding_table)[0]
           ^^^^^^^^^^^^^^^^^^^^^^^^^^^^^^^^^^^^^^^^^^^^^^^^^^^^^^^
UnicodeEncodeError: 'charmap' codec can't encode character '\u2705' in position 0: character maps to <undefined>

During handling of the above exception, another exception occurred:

Traceback (most recent call last):
  File "C:\Users\kaytn\secure_sdlc_automation\src\threat_modeling\run_pytm.py", line 31, in <module>
    run_pytm()
  File "C:\Users\kaytn\secure_sdlc_automation\src\threat_modeling\run_pytm.py", line 28, in run_pytm
    print(f"\u274c Error executing pytm: {e}")
  File "C:\Users\kaytn\AppData\Local\Programs\Python\Python312\Lib\encodings\cp1252.py", line 19, in encode
    return codecs.charmap_encode(input,self.errors,encoding_table)[0]
           ^^^^^^^^^^^^^^^^^^^^^^^^^^^^^^^^^^^^^^^^^^^^^^^^^^^^^^^
UnicodeEncodeError: 'charmap' codec can't encode character '\u274c' in position 0: character maps to <undefined>

2025-02-06 15:30:06,993 - INFO - \u2705 Threat Modeling completed. Report saved to reports/threat_model_report.txt
2025-02-06 15:30:06,993 - INFO - \U0001f3c1 Threat Modeling Execution Finished.
2025-02-06 15:30:06,993 - INFO - \u2705 Secure SDLC Automation Tool Finished!
2025-02-06 15:33:52,615 - INFO - \U0001f527 Secure SDLC Automation Tool Started!
2025-02-06 15:33:52,639 - INFO - \U0001f6e0 Arguments Received: Namespace(sast=False, sca=False, threat_model=True)
2025-02-06 15:33:52,639 - INFO - \U0001f680 Running Threat Modeling...
2025-02-06 15:33:52,639 - INFO - \U0001f680 Running Threat Modeling...
2025-02-06 15:33:52,639 - INFO - \U0001f50d Starting Threat Model Generation...
2025-02-06 15:33:52,639 - INFO - \U0001f4cc Running Threat Model Analysis via Separate Process...
2025-02-06 15:33:53,192 - INFO - \u2705 Threat Modeling Output:
✅ Threat Model Report Saved: reports/threat_model_report.txt

2025-02-06 15:33:53,193 - INFO - \u2705 Threat Modeling completed. Report saved to reports/threat_model_report.txt
2025-02-06 15:33:53,193 - INFO - \U0001f3c1 Threat Modeling Execution Finished.
2025-02-06 15:33:53,193 - INFO - \u2705 Secure SDLC Automation Tool Finished!
2025-02-10 08:55:16,891 - INFO - \U0001f527 Secure SDLC Automation Tool Started!
2025-02-10 08:55:16,907 - INFO - \U0001f6e0 Arguments Received: Namespace(sast=True, sca=True, threat_model=True)
2025-02-10 08:55:16,907 - INFO - \U0001f680 Running SAST scan...
2025-02-10 08:55:16,907 - INFO - Executing: bandit -r src -f json -o reports/bandit_report.json
2025-02-10 08:55:18,236 - ERROR - Bandit scan failed: Command '['bandit', '-r', 'src', '-f', 'json', '-o', 'reports/bandit_report.json']' returned non-zero exit status 1.
2025-02-10 08:55:18,237 - INFO - \U0001f680 Running SCA scan...
2025-02-10 08:55:18,237 - INFO - Executing: C:/Users/kaytn/dependency-check/bin/dependency-check.bat --scan requirements.txt --format JSON --out reports/sca_report.json --nvdApiKey 842bfda1-92e0-467a-80e5-4086460bf7c4
2025-02-10 08:56:02,681 - INFO - SCA scan completed. Results saved to reports/sca_report.json
2025-02-10 08:56:02,681 - INFO - \U0001f680 Running Threat Modeling...
2025-02-10 08:56:02,681 - INFO - \U0001f680 Running Threat Modeling...
2025-02-10 08:56:02,681 - INFO - \U0001f50d Starting Threat Model Generation...
2025-02-10 08:56:02,681 - INFO - \U0001f4cc Running Threat Model Analysis via Separate Process...
2025-02-10 08:56:03,078 - ERROR - \u274c Error executing Threat Modeling: 'charmap' codec can't decode byte 0x8d in position 3: character maps to <undefined>
2025-02-10 08:56:03,078 - INFO - \U0001f3c1 Threat Modeling Execution Finished.
2025-02-10 08:56:03,078 - INFO - \u2705 Secure SDLC Automation Tool Finished!
